app/build/app/outputs/mapping/release/mapping.txt
# compiler: R8
# compiler_version: 1.5.64
# min_api: 16
# pg_map_id: 84f5ffa
com.xm.uespi.uespi_reserva.MainActivity -> com.xm.uespi.uespi_reserva.MainActivity:
    void configureFlutterEngine(io.flutter.embedding.engine.FlutterEngine) -> a
...
androidx.versionedparcelable.VersionedParcelParcel -> androidx.versionedparcelable.b:
    android.util.SparseIntArray mPositionLookup -> a
    android.os.Parcel mParcel -> b
    int mCurrentField -> f
    int mNextRead -> g
    int mEnd -> d
    int mOffset -> c
    java.lang.String mPrefix -> e
    void closeField() -> a
    boolean readField(int) -> a
    void writeByteArray(byte[]) -> a
    void writeParcelable(android.os.Parcelable) -> a
    void writeString(java.lang.String) -> a
    androidx.versionedparcelable.VersionedParcel createSubParcel() -> b
    void setOutputField(int) -> b
    void writeInt(int) -> c
    byte[] readByteArray() -> d
    int readUntilField(int) -> d
    int readInt() -> e
    android.os.Parcelable readParcelable() -> f
    java.lang.String readString() -> g
androidx.versionedparcelable.VersionedParcelable -> androidx.versionedparcelable.c:
io.flutter.Log -> b.a.a:
    void d(java.lang.String,java.lang.String) -> a
    void e(java.lang.String,java.lang.String,java.lang.Throwable) -> a
    void e(java.lang.String,java.lang.String) -> b
    void v(java.lang.String,java.lang.String) -> c
    void w(java.lang.String,java.lang.String) -> d
io.flutter.embedding.android.AndroidKeyProcessor -> b.a.b.a.a:
    io.flutter.embedding.engine.systemchannels.KeyEventChannel keyEventChannel -> a
    int combiningCharacter -> c
    io.flutter.plugin.editing.TextInputPlugin textInputPlugin -> b
    java.lang.Character applyCombiningCharacterToBaseCharacter(int) -> a
    void onKeyDown(android.view.KeyEvent) -> a
    void onKeyUp(android.view.KeyEvent) -> b
io.flutter.embedding.android.AndroidTouchProcessor -> b.a.b.a.b:
    io.flutter.embedding.engine.renderer.FlutterRenderer renderer -> a
    void addPointerForIndex(android.view.MotionEvent,int,int,int,java.nio.ByteBuffer) -> a
    int getPointerChangeForAction(int) -> a
    boolean onGenericMotionEvent(android.view.MotionEvent) -> a
    int getPointerDeviceTypeForToolType(int) -> b
    boolean onTouchEvent(android.view.MotionEvent) -> b
io.flutter.embedding.android.DrawableSplashScreen -> b.a.b.a.c:
    android.widget.ImageView$ScaleType scaleType -> b
    io.flutter.embedding.android.DrawableSplashScreen$DrawableSplashScreenView splashView -> d
    long crossfadeDurationInMillis -> c
    android.graphics.drawable.Drawable drawable -> a
    android.view.View createSplashView(android.content.Context,android.os.Bundle) -> a
    boolean doesSplashViewRememberItsTransition() -> a
    void transitionToFlutter(java.lang.Runnable) -> a
    android.os.Bundle saveSplashScreenState() -> b
io.flutter.embedding.android.DrawableSplashScreen$1 -> b.a.b.a.c$a:
    java.lang.Runnable val$onTransitionComplete -> a
io.flutter.embedding.android.DrawableSplashScreen$DrawableSplashScreenView -> b.a.b.a.c$b:
    void setSplashDrawable(android.graphics.drawable.Drawable,android.widget.ImageView$ScaleType) -> a